<?xml version="1.0" encoding="UTF-8"?>
<!-- Generated by org.testng.reporters.JUnitXMLReporter -->
<testsuite ignored="0" hostname="LAPTOP-LB302OQG" failures="0" tests="4" name="PetTests" time="9.883" errors="0" timestamp="2024-06-20T19:11:59 IST">
  <testcase classname="api.test.UserTests2" name="testPostUser" time="3.098"/>
  <testcase classname="api.test.UserTests2" name="testGetUserByName" time="1.566"/>
  <testcase classname="api.test.UserTests2" name="testUpdateUserByName" time="2.959"/>
  <testcase classname="api.test.UserTests2" name="testDeleteUserByName" time="1.429"/>
</testsuite> <!-- PetTests -->
