<?xml version="1.0" encoding="UTF-8"?>
<!-- Generated by org.testng.reporters.JUnitXMLReporter -->
<testsuite ignored="0" hostname="LAPTOP-LB302OQG" failures="0" tests="4" name="PetTests" time="7.684" errors="0" timestamp="2024-06-20T17:11:18 IST">
  <testcase classname="api.test.UserTests2" name="testPostUser" time="2.377"/>
  <testcase classname="api.test.UserTests2" name="testGetUserByName" time="1.089"/>
  <testcase classname="api.test.UserTests2" name="testUpdateUserByName" time="2.319"/>
  <testcase classname="api.test.UserTests2" name="testDeleteUserByName" time="1.074"/>
</testsuite> <!-- PetTests -->
